# JRE version: OpenJDK Runtime Environment (8.0_242) (build 1.8.0_242-release-1644-b3-6915495)
# Java VM: OpenJDK 64-Bit Server VM (25.242-b3-6915495 mixed mode bsd-amd64 compressed oops)
Heap:
 PSYoungGen      total 469504K, used 279135K [0x0000000795580000, 0x00000007c0000000, 0x00000007c0000000)
  eden space 316928K, 39% used [0x0000000795580000,0x000000079d11b688,0x00000007a8b00000)
  from space 152576K, 99% used [0x00000007b6b00000,0x00000007bfffc7e8,0x00000007c0000000)
  to   space 190976K, 0% used [0x00000007a8b00000,0x00000007a8b00000,0x00000007b4580000)
 ParOldGen       total 370688K, used 283638K [0x0000000740000000, 0x0000000756a00000, 0x0000000795580000)
  object space 370688K, 76% used [0x0000000740000000,0x00000007514fdb70,0x0000000756a00000)
 Metaspace       used 95474K, capacity 101736K, committed 101800K, reserved 1138688K
  class space    used 12326K, capacity 13438K, committed 13488K, reserved 1048576K
GC Heap History (10 events):
Event: 2337.970 GC heap before
{Heap before GC invocations=22 (full 4):
 PSYoungGen      total 550912K, used 480104K [0x0000000795580000, 0x00000007bf100000, 0x00000007c0000000)
  eden space 462336K, 100% used [0x0000000795580000,0x00000007b1900000,0x00000007b1900000)
  from space 88576K, 20% used [0x00000007b1900000,0x00000007b2a5a0a0,0x00000007b6f80000)
  to   space 86016K, 0% used [0x00000007b9d00000,0x00000007b9d00000,0x00000007bf100000)
 ParOldGen       total 370688K, used 166279K [0x0000000740000000, 0x0000000756a00000, 0x0000000795580000)
  object space 370688K, 44% used [0x0000000740000000,0x000000074a261fc8,0x0000000756a00000)
 Metaspace       used 93835K, capacity 98788K, committed 98984K, reserved 1134592K
  class space    used 12145K, capacity 13106K, committed 13232K, reserved 1048576K
Event: 2338.215 GC heap after
Heap after GC invocations=22 (full 4):
 PSYoungGen      total 558592K, used 85992K [0x0000000795580000, 0x00000007c0000000, 0x00000007c0000000)
  eden space 472576K, 0% used [0x0000000795580000,0x0000000795580000,0x00000007b2300000)
  from space 86016K, 99% used [0x00000007b9d00000,0x00000007bf0fa138,0x00000007bf100000)
  to   space 113152K, 0% used [0x00000007b2300000,0x00000007b2300000,0x00000007b9180000)
 ParOldGen       total 370688K, used 201027K [0x0000000740000000, 0x0000000756a00000, 0x0000000795580000)
  object space 370688K, 54% used [0x0000000740000000,0x000000074c450ff0,0x0000000756a00000)
 Metaspace       used 93835K, capacity 98788K, committed 98984K, reserved 1134592K
  class space    used 12145K, capacity 13106K, committed 13232K, reserved 1048576K
}
Event: 2420.661 GC heap before
{Heap before GC invocations=23 (full 4):
 PSYoungGen      total 558592K, used 558568K [0x0000000795580000, 0x00000007c0000000, 0x00000007c0000000)
  eden space 472576K, 100% used [0x0000000795580000,0x00000007b2300000,0x00000007b2300000)
  from space 86016K, 99% used [0x00000007b9d00000,0x00000007bf0fa138,0x00000007bf100000)
  to   space 113152K, 0% used [0x00000007b2300000,0x00000007b2300000,0x00000007b9180000)
 ParOldGen       total 370688K, used 201027K [0x0000000740000000, 0x0000000756a00000, 0x0000000795580000)
  object space 370688K, 54% used [0x0000000740000000,0x000000074c450ff0,0x0000000756a00000)
 Metaspace       used 94266K, capacity 99446K, committed 99496K, reserved 1136640K
  class space    used 12188K, capacity 13183K, committed 13232K, reserved 1048576K
Event: 2420.814 GC heap after
Heap after GC invocations=23 (full 4):
 PSYoungGen      total 585728K, used 58523K [0x0000000795580000, 0x00000007c0000000, 0x00000007c0000000)
  eden space 472576K, 0% used [0x0000000795580000,0x0000000795580000,0x00000007b2300000)
  from space 113152K, 51% used [0x00000007b2300000,0x00000007b5c26df0,0x00000007b9180000)
  to   space 112640K, 0% used [0x00000007b9200000,0x00000007b9200000,0x00000007c0000000)
 ParOldGen       total 370688K, used 201043K [0x0000000740000000, 0x0000000756a00000, 0x0000000795580000)
  object space 370688K, 54% used [0x0000000740000000,0x000000074c454ff0,0x0000000756a00000)
 Metaspace       used 94266K, capacity 99446K, committed 99496K, reserved 1136640K
  class space    used 12188K, capacity 13183K, committed 13232K, reserved 1048576K
}
Event: 2423.045 GC heap before
{Heap before GC invocations=24 (full 4):
 PSYoungGen      total 585728K, used 531099K [0x0000000795580000, 0x00000007c0000000, 0x00000007c0000000)
  eden space 472576K, 100% used [0x0000000795580000,0x00000007b2300000,0x00000007b2300000)
  from space 113152K, 51% used [0x00000007b2300000,0x00000007b5c26df0,0x00000007b9180000)
  to   space 112640K, 0% used [0x00000007b9200000,0x00000007b9200000,0x00000007c0000000)
 ParOldGen       total 370688K, used 201043K [0x0000000740000000, 0x0000000756a00000, 0x0000000795580000)
  object space 370688K, 54% used [0x0000000740000000,0x000000074c454ff0,0x0000000756a00000)
 Metaspace       used 94456K, capacity 99662K, committed 99752K, reserved 1136640K
  class space    used 12188K, capacity 13183K, committed 13232K, reserved 1048576K
Event: 2423.231 GC heap after
Heap after GC invocations=24 (full 4):
 PSYoungGen      total 518656K, used 112610K [0x0000000795580000, 0x00000007c0000000, 0x00000007c0000000)
  eden space 406016K, 0% used [0x0000000795580000,0x0000000795580000,0x00000007ae200000)
  from space 112640K, 99% used [0x00000007b9200000,0x00000007bfff8ba0,0x00000007c0000000)
  to   space 146432K, 0% used [0x00000007ae200000,0x00000007ae200000,0x00000007b7100000)
 ParOldGen       total 370688K, used 242361K [0x0000000740000000, 0x0000000756a00000, 0x0000000795580000)
  object space 370688K, 65% used [0x0000000740000000,0x000000074ecae7b8,0x0000000756a00000)
 Metaspace       used 94456K, capacity 99662K, committed 99752K, reserved 1136640K
  class space    used 12188K, capacity 13183K, committed 13232K, reserved 1048576K
}
Event: 2584.874 GC heap before
{Heap before GC invocations=25 (full 4):
 PSYoungGen      total 518656K, used 518626K [0x0000000795580000, 0x00000007c0000000, 0x00000007c0000000)
  eden space 406016K, 100% used [0x0000000795580000,0x00000007ae200000,0x00000007ae200000)
  from space 112640K, 99% used [0x00000007b9200000,0x00000007bfff8ba0,0x00000007c0000000)
  to   space 146432K, 0% used [0x00000007ae200000,0x00000007ae200000,0x00000007b7100000)
 ParOldGen       total 370688K, used 242361K [0x0000000740000000, 0x0000000756a00000, 0x0000000795580000)
  object space 370688K, 65% used [0x0000000740000000,0x000000074ecae7b8,0x0000000756a00000)
 Metaspace       used 95125K, capacity 101090K, committed 101288K, reserved 1136640K
  class space    used 12298K, capacity 13387K, committed 13488K, reserved 1048576K
Event: 2585.095 GC heap after
Heap after GC invocations=25 (full 4):
 PSYoungGen      total 502272K, used 95810K [0x0000000795580000, 0x00000007c0000000, 0x00000007c0000000)
  eden space 406016K, 0% used [0x0000000795580000,0x0000000795580000,0x00000007ae200000)
  from space 96256K, 99% used [0x00000007ae200000,0x00000007b3f90938,0x00000007b4000000)
  to   space 152576K, 0% used [0x00000007b6b00000,0x00000007b6b00000,0x00000007c0000000)
 ParOldGen       total 370688K, used 248278K [0x0000000740000000, 0x0000000756a00000, 0x0000000795580000)
  object space 370688K, 66% used [0x0000000740000000,0x000000074f275838,0x0000000756a00000)
 Metaspace       used 95125K, capacity 101090K, committed 101288K, reserved 1136640K
  class space    used 12298K, capacity 13387K, committed 13488K, reserved 1048576K
}
Event: 2587.817 GC heap before
{Heap before GC invocations=26 (full 4):
 PSYoungGen      total 502272K, used 501826K [0x0000000795580000, 0x00000007c0000000, 0x00000007c0000000)
  eden space 406016K, 100% used [0x0000000795580000,0x00000007ae200000,0x00000007ae200000)
  from space 96256K, 99% used [0x00000007ae200000,0x00000007b3f90938,0x00000007b4000000)
  to   space 152576K, 0% used [0x00000007b6b00000,0x00000007b6b00000,0x00000007c0000000)
 ParOldGen       total 370688K, used 248278K [0x0000000740000000, 0x0000000756a00000, 0x0000000795580000)
  object space 370688K, 66% used [0x0000000740000000,0x000000074f275838,0x0000000756a00000)
 Metaspace       used 95413K, capacity 101616K, committed 101800K, reserved 1138688K
  class space    used 12315K, capacity 13418K, committed 13488K, reserved 1048576K
Event: 2588.115 GC heap after
Heap after GC invocations=26 (full 4):
 PSYoungGen      total 469504K, used 152561K [0x0000000795580000, 0x00000007c0000000, 0x00000007c0000000)
  eden space 316928K, 0% used [0x0000000795580000,0x0000000795580000,0x00000007a8b00000)
  from space 152576K, 99% used [0x00000007b6b00000,0x00000007bfffc7e8,0x00000007c0000000)
  to   space 190976K, 0% used [0x00000007a8b00000,0x00000007a8b00000,0x00000007b4580000)
 ParOldGen       total 370688K, used 283638K [0x0000000740000000, 0x0000000756a00000, 0x0000000795580000)
  object space 370688K, 76% used [0x0000000740000000,0x00000007514fdb70,0x0000000756a00000)
 Metaspace       used 95413K, capacity 101616K, committed 101800K, reserved 1138688K
  class space    used 12315K, capacity 13418K, committed 13488K, reserved 1048576K
}

